Using pre-set license
Built from '2020.3/staging' branch; Version is '2020.3.25f1 (9b9180224418) revision 10195328'; Using compiler version '192528614'; Build Type 'Release'
OS: 'Windows 11  (10.0.22000) 64bit CoreSingleLanguage' Language: 'en' Physical Memory: 8034 MB
BatchMode: 1, IsHumanControllingUs: 0, StartBugReporterOnCrash: 0, Is64bit: 1, IsPro: 0

COMMAND LINE ARGUMENTS:
C:\Program Files\Unity\Hub\Editor\2020.3.25f1\Editor\Unity.exe
-adb2
-batchMode
-noUpm
-name
AssetImportWorker9
-projectPath
C:/Users/Jam/Documents/Unity Projects/Bonk it Jonathan
-logFile
Logs/AssetImportWorker9.log
-srvPort
1208
Successfully changed project path to: C:/Users/Jam/Documents/Unity Projects/Bonk it Jonathan
C:/Users/Jam/Documents/Unity Projects/Bonk it Jonathan
Using Asset Import Pipeline V2.
Refreshing native plugins compatible for Editor in 153.23 ms, found 4 plugins.
Preloading 0 native plugins for Editor in 0.00 ms.
Initialize engine version: 2020.3.25f1 (9b9180224418)
[Subsystems] Discovering subsystems at path C:/Program Files/Unity/Hub/Editor/2020.3.25f1/Editor/Data/Resources/UnitySubsystems
[Subsystems] Discovering subsystems at path C:/Users/Jam/Documents/Unity Projects/Bonk it Jonathan/Assets
GfxDevice: creating device client; threaded=0
Direct3D:
    Version:  Direct3D 11.0 [level 11.1]
    Renderer: NVIDIA GeForce GTX 1050 Ti (ID=0x1c8c)
    Vendor:   
    VRAM:     4019 MB
    Driver:   30.0.14.9676
Initialize mono
Mono path[0] = 'C:/Program Files/Unity/Hub/Editor/2020.3.25f1/Editor/Data/Managed'
Mono path[1] = 'C:/Program Files/Unity/Hub/Editor/2020.3.25f1/Editor/Data/MonoBleedingEdge/lib/mono/unityjit'
Mono config path = 'C:/Program Files/Unity/Hub/Editor/2020.3.25f1/Editor/Data/MonoBleedingEdge/etc'
Using monoOptions --debugger-agent=transport=dt_socket,embedding=1,server=y,suspend=n,address=127.0.0.1:56628
Begin MonoManager ReloadAssembly
Registering precompiled unity dll's ...
Register platform support module: C:/Program Files/Unity/Hub/Editor/2020.3.25f1/Editor/Data/PlaybackEngines/WebGLSupport/UnityEditor.WebGL.Extensions.dll
Register platform support module: C:/Program Files/Unity/Hub/Editor/2020.3.25f1/Editor/Data/PlaybackEngines/WindowsStandaloneSupport/UnityEditor.WindowsStandalone.Extensions.dll
Registered in 0.001675 seconds.
Native extension for WindowsStandalone target not found
Native extension for WebGL target not found
Refreshing native plugins compatible for Editor in 148.85 ms, found 4 plugins.
Preloading 0 native plugins for Editor in 0.00 ms.
Mono: successfully reloaded assembly
- Completed reload, in  0.663 seconds
Domain Reload Profiling:
	ReloadAssembly (663ms)
		BeginReloadAssembly (49ms)
			ExecutionOrderSort (0ms)
			DisableScriptedObjects (0ms)
			BackupInstance (0ms)
			ReleaseScriptingObjects (0ms)
			CreateAndSetChildDomain (1ms)
		EndReloadAssembly (546ms)
			LoadAssemblies (47ms)
			RebuildTransferFunctionScriptingTraits (0ms)
			SetupTypeCache (146ms)
			ReleaseScriptCaches (0ms)
			RebuildScriptCaches (30ms)
			SetupLoadedEditorAssemblies (269ms)
				LogAssemblyErrors (0ms)
				InitializePlatformSupportModulesInManaged (5ms)
				SetLoadedEditorAssemblies (0ms)
				RefreshPlugins (149ms)
				BeforeProcessingInitializeOnLoad (12ms)
				ProcessInitializeOnLoadAttributes (77ms)
				ProcessInitializeOnLoadMethodAttributes (26ms)
				AfterProcessingInitializeOnLoad (0ms)
				EditorAssembliesLoaded (0ms)
			ExecutionOrderSort2 (0ms)
			AwakeInstancesAfterBackupRestoration (0ms)
Platform modules already initialized, skipping
Registering precompiled user dll's ...
Registered in 0.007158 seconds.
Begin MonoManager ReloadAssembly
Symbol file LoadedFromMemory doesn't match image C:\Users\Jam\Documents\Unity Projects\Bonk it Jonathan\Library\PackageCache\com.unity.visualscripting@1.7.5\Editor\VisualScripting.Core\Dependencies\YamlDotNet\Unity.VisualScripting.YamlDotNet.dll
Symbol file LoadedFromMemory doesn't match image C:\Users\Jam\Documents\Unity Projects\Bonk it Jonathan\Library\PackageCache\com.unity.visualscripting@1.7.5\Editor\VisualScripting.Core\Dependencies\DotNetZip\Unity.VisualScripting.IonicZip.dll
Native extension for WindowsStandalone target not found
Native extension for WebGL target not found
Refreshing native plugins compatible for Editor in 157.22 ms, found 4 plugins.
Preloading 0 native plugins for Editor in 0.00 ms.
Mono: successfully reloaded assembly
- Completed reload, in 11.572 seconds
Domain Reload Profiling:
	ReloadAssembly (11573ms)
		BeginReloadAssembly (138ms)
			ExecutionOrderSort (0ms)
			DisableScriptedObjects (6ms)
			BackupInstance (0ms)
			ReleaseScriptingObjects (0ms)
			CreateAndSetChildDomain (19ms)
		EndReloadAssembly (11349ms)
			LoadAssemblies (6889ms)
			RebuildTransferFunctionScriptingTraits (0ms)
			SetupTypeCache (443ms)
			ReleaseScriptCaches (1ms)
			RebuildScriptCaches (76ms)
			SetupLoadedEditorAssemblies (3815ms)
				LogAssemblyErrors (0ms)
				InitializePlatformSupportModulesInManaged (4ms)
				SetLoadedEditorAssemblies (0ms)
				RefreshPlugins (157ms)
				BeforeProcessingInitializeOnLoad (136ms)
				ProcessInitializeOnLoadAttributes (3357ms)
				ProcessInitializeOnLoadMethodAttributes (156ms)
				AfterProcessingInitializeOnLoad (4ms)
				EditorAssembliesLoaded (0ms)
			ExecutionOrderSort2 (0ms)
			AwakeInstancesAfterBackupRestoration (6ms)
Platform modules already initialized, skipping
========================================================================
Worker process is ready to serve import requests
Launched and connected shader compiler UnityShaderCompiler.exe after 0.86 seconds
Refreshing native plugins compatible for Editor in 1.39 ms, found 4 plugins.
Preloading 0 native plugins for Editor in 0.00 ms.
Unloading 5540 Unused Serialized files (Serialized files now loaded: 0)
System memory in use before: 231.6 MB.
System memory in use after: 232.1 MB.

Unloading 38 unused Assets to reduce memory usage. Loaded Objects now: 5992.
Total: 4.198800 ms (FindLiveObjects: 0.412900 ms CreateObjectMapping: 0.257900 ms MarkObjects: 3.409100 ms  DeleteObjects: 0.117900 ms)

AssetImportParameters requested are different than current active one (requested -> active):
  custom:framework-win-MediaFoundation: 216162199b28c13a410421893ffa2e32 -> 
  custom:video-decoder-ogg-theora: a1e56fd34408186e4bbccfd4996cb3dc -> 
  custom:container-muxer-webm: aa71ff27fc2769a1b78a27578f13a17b -> 
  custom:container-demuxer-webm: 4f35f7cbe854078d1ac9338744f61a02 -> 
  custom:container-demuxer-ogg: 62fdf1f143b41e24485cea50d1cbac27 -> 
  custom:video-encoder-webm-vp8: eb34c28f22e8b96e1ab97ce403110664 -> 
  custom:video-decoder-webm-vp8: 9c59270c3fd7afecdb556c50c9e8de78 -> 
  custom:audio-decoder-ogg-vorbis: bf7c407c2cedff20999df2af8eb42d56 -> 
  custom:audio-encoder-webm-vorbis: bf7c407c2cedff20999df2af8eb42d56 -> 
========================================================================
Received Import Request.
  path: Assets/Imports/TextMesh Pro/Resources/Fonts & Materials
  artifactKey: Guid(731f1baa9d144a9897cb1d341c2092b8) Importer(815301076,1909f56bfc062723c751e8b465ee728b)
Start importing Assets/Imports/TextMesh Pro/Resources/Fonts & Materials using Guid(731f1baa9d144a9897cb1d341c2092b8) Importer(815301076,1909f56bfc062723c751e8b465ee728b)  -> (artifact id: 'cbd6dcea75119183330fd0c84a35eed7') in 0.041748 seconds 
  Import took 0.095043 seconds .

========================================================================
Received Import Request.
  Time since last request: 0.000287 seconds.
  path: Assets/UI UX/Font/FatPix-SVG.ttf
  artifactKey: Guid(26afdec4f6a29f940b7b5acc75315528) Importer(815301076,1909f56bfc062723c751e8b465ee728b)
Start importing Assets/UI UX/Font/FatPix-SVG.ttf using Guid(26afdec4f6a29f940b7b5acc75315528) Importer(815301076,1909f56bfc062723c751e8b465ee728b)  -> (artifact id: '9336f49642f2dbf5a884e1aebc595566') in 1.099522 seconds 
  Import took 1.429990 seconds .

========================================================================
Received Import Request.
  Time since last request: 0.000285 seconds.
  path: Assets/UI UX/Font/PeaberryBase.ttf
  artifactKey: Guid(99f2ec37b4ec9814cb251a7d27cb1ded) Importer(815301076,1909f56bfc062723c751e8b465ee728b)
Start importing Assets/UI UX/Font/PeaberryBase.ttf using Guid(99f2ec37b4ec9814cb251a7d27cb1ded) Importer(815301076,1909f56bfc062723c751e8b465ee728b)  -> (artifact id: '0b2c0cfaf4bb75c097e6598df2a31c3f') in 0.038024 seconds 
  Import took 0.137733 seconds .

========================================================================
Received Import Request.
  Time since last request: 26.852322 seconds.
  path: Assets/UI UX/Font/FatPix-SVG SDF.asset
  artifactKey: Guid(0a1dbe73db7af5849aa24aea854bbe0b) Importer(815301076,1909f56bfc062723c751e8b465ee728b)
Start importing Assets/UI UX/Font/FatPix-SVG SDF.asset using Guid(0a1dbe73db7af5849aa24aea854bbe0b) Importer(815301076,1909f56bfc062723c751e8b465ee728b)  -> (artifact id: '696bb1c41305b6671f0c9796023a1f5f') in 0.095040 seconds 
  Import took 0.121732 seconds .

========================================================================
Received Import Request.
  Time since last request: 395.770002 seconds.
  path: Assets/Artwork/Atlases/Activator_step0-side.png
  artifactKey: Guid(d4ab539b19c0c194fb6b69b964e17e15) Importer(815301076,1909f56bfc062723c751e8b465ee728b)
Start importing Assets/Artwork/Atlases/Activator_step0-side.png using Guid(d4ab539b19c0c194fb6b69b964e17e15) Importer(815301076,1909f56bfc062723c751e8b465ee728b)  -> (artifact id: '884d564a717f589f801017b7bb242559') in 0.881228 seconds 
  Import took 0.951245 seconds .

========================================================================
Received Import Request.
  Time since last request: 0.000304 seconds.
  path: Assets/Imports/LeanTween/Examples/Archived/GrumpyCat.jpeg
  artifactKey: Guid(6a9d1d221a3c94d83b614d921df0402e) Importer(815301076,1909f56bfc062723c751e8b465ee728b)
Start importing Assets/Imports/LeanTween/Examples/Archived/GrumpyCat.jpeg using Guid(6a9d1d221a3c94d83b614d921df0402e) Importer(815301076,1909f56bfc062723c751e8b465ee728b)  -> (artifact id: '726c4a9d40b1afecdae3617acbb14eed') in 0.070022 seconds 
  Import took 0.104769 seconds .

========================================================================
Received Import Request.
  Time since last request: 0.000276 seconds.
  path: Assets/Imports/LeanTween/Examples/Material/Futuro_WindowBack.psd
  artifactKey: Guid(678c92572cc724845a460c87117f5353) Importer(815301076,1909f56bfc062723c751e8b465ee728b)
Start importing Assets/Imports/LeanTween/Examples/Material/Futuro_WindowBack.psd using Guid(678c92572cc724845a460c87117f5353) Importer(815301076,1909f56bfc062723c751e8b465ee728b)  -> (artifact id: '83f1c2087dded940f5fb4e72aa5e9050') in 0.118844 seconds 
  Import took 0.146870 seconds .

========================================================================
Received Import Request.
  Time since last request: 0.000314 seconds.
  path: Assets/Imports/LeanTween/Examples/Material/Futuro_ButtonBack.psd
  artifactKey: Guid(b3abce7efa3854a4cb1dd6b47f553027) Importer(815301076,1909f56bfc062723c751e8b465ee728b)
Start importing Assets/Imports/LeanTween/Examples/Material/Futuro_ButtonBack.psd using Guid(b3abce7efa3854a4cb1dd6b47f553027) Importer(815301076,1909f56bfc062723c751e8b465ee728b)  -> (artifact id: 'cf343460552d84c724dc3bb4a9c325d2') in 0.063447 seconds 
  Import took 0.094991 seconds .

========================================================================
Received Import Request.
  Time since last request: 0.000322 seconds.
  path: Assets/Imports/LeanTween/Examples/Textures/Dude2d.png
  artifactKey: Guid(5f7fa9a7940a64e79b5a42d9f661d42c) Importer(815301076,1909f56bfc062723c751e8b465ee728b)
Start importing Assets/Imports/LeanTween/Examples/Textures/Dude2d.png using Guid(5f7fa9a7940a64e79b5a42d9f661d42c) Importer(815301076,1909f56bfc062723c751e8b465ee728b)  -> (artifact id: '2e023781ad635584c25248b2d344b0e0') in 0.044477 seconds 
  Import took 0.105919 seconds .

========================================================================
Received Import Request.
  Time since last request: 0.000296 seconds.
  path: Assets/Imports/LeanTween/Examples/Material/Futoro_Ring.psd
  artifactKey: Guid(ef31bc3f46d6047b29ff513e55daf05b) Importer(815301076,1909f56bfc062723c751e8b465ee728b)
Start importing Assets/Imports/LeanTween/Examples/Material/Futoro_Ring.psd using Guid(ef31bc3f46d6047b29ff513e55daf05b) Importer(815301076,1909f56bfc062723c751e8b465ee728b)  -> (artifact id: '7e6760dabbf5c6e4470ede0117cd3e31') in 0.072009 seconds 
  Import took 0.162437 seconds .

========================================================================
Received Import Request.
  Time since last request: 0.000297 seconds.
  path: Assets/Artwork/ParallaxLayers/cloud_lonely.png
  artifactKey: Guid(49d0c22f683b1904dbe34beb557d9469) Importer(815301076,1909f56bfc062723c751e8b465ee728b)
Start importing Assets/Artwork/ParallaxLayers/cloud_lonely.png using Guid(49d0c22f683b1904dbe34beb557d9469) Importer(815301076,1909f56bfc062723c751e8b465ee728b)  -> (artifact id: 'b144da4bb83895338c965eb1b13c398b') in 0.091279 seconds 
  Import took 0.110822 seconds .

========================================================================
Received Import Request.
  Time since last request: 0.000273 seconds.
  path: Assets/Artwork/ParallaxLayers/clouds_mg_1.png
  artifactKey: Guid(947218228deac6143a0e4a7074f499bb) Importer(815301076,1909f56bfc062723c751e8b465ee728b)
Start importing Assets/Artwork/ParallaxLayers/clouds_mg_1.png using Guid(947218228deac6143a0e4a7074f499bb) Importer(815301076,1909f56bfc062723c751e8b465ee728b)  -> (artifact id: '9699b68678e6b3ef645b0e4396bd8cb0') in 0.117020 seconds 
  Import took 0.148231 seconds .

========================================================================
Received Import Request.
  Time since last request: 0.000306 seconds.
  path: Assets/Artwork/ParallaxLayers/clouds_mg_2.png
  artifactKey: Guid(851b44cb82d70aa44ad9f9fcfd3d7183) Importer(815301076,1909f56bfc062723c751e8b465ee728b)
Start importing Assets/Artwork/ParallaxLayers/clouds_mg_2.png using Guid(851b44cb82d70aa44ad9f9fcfd3d7183) Importer(815301076,1909f56bfc062723c751e8b465ee728b)  -> (artifact id: '7e177f26e8e5447831efad5a1cef10da') in 0.058279 seconds 
  Import took 0.081370 seconds .

========================================================================
Received Import Request.
  Time since last request: 0.000297 seconds.
  path: Assets/Artwork/ParallaxLayers/glacial_mountains_lightened.png
  artifactKey: Guid(74b7e799e19416944ab925716acbb71e) Importer(815301076,1909f56bfc062723c751e8b465ee728b)
Start importing Assets/Artwork/ParallaxLayers/glacial_mountains_lightened.png using Guid(74b7e799e19416944ab925716acbb71e) Importer(815301076,1909f56bfc062723c751e8b465ee728b)  -> (artifact id: '9cd568c2f444958a8419b25a3796fe74') in 0.090898 seconds 
  Import took 0.135340 seconds .

========================================================================
Received Import Request.
  Time since last request: 0.000309 seconds.
  path: Assets/Artwork/ParallaxLayers/clouds_mg_3.png
  artifactKey: Guid(4ea87ede6d1f26e42b322ce5809ed9e5) Importer(815301076,1909f56bfc062723c751e8b465ee728b)
Start importing Assets/Artwork/ParallaxLayers/clouds_mg_3.png using Guid(4ea87ede6d1f26e42b322ce5809ed9e5) Importer(815301076,1909f56bfc062723c751e8b465ee728b)  -> (artifact id: '8da679dc227924998bb40f7d2c9780ce') in 0.039263 seconds 
  Import took 0.106627 seconds .

========================================================================
Received Import Request.
  Time since last request: 0.000233 seconds.
  path: Assets/Artwork/ParallaxLayers/glacial_mountains.png
  artifactKey: Guid(76adc988f8fdfb140a4ff3fc2b2c21f3) Importer(815301076,1909f56bfc062723c751e8b465ee728b)
Start importing Assets/Artwork/ParallaxLayers/glacial_mountains.png using Guid(76adc988f8fdfb140a4ff3fc2b2c21f3) Importer(815301076,1909f56bfc062723c751e8b465ee728b)  -> (artifact id: 'aac35ef07d243354612e1c431d205c29') in 0.085079 seconds 
  Import took 0.124755 seconds .

========================================================================
Received Import Request.
  Time since last request: 0.000327 seconds.
  path: Assets/Imports/LeanTween/Examples/Textures/HorizontalGradient.jpg
  artifactKey: Guid(547f51a8eea214bd7a5863356fd25619) Importer(815301076,1909f56bfc062723c751e8b465ee728b)
Start importing Assets/Imports/LeanTween/Examples/Textures/HorizontalGradient.jpg using Guid(547f51a8eea214bd7a5863356fd25619) Importer(815301076,1909f56bfc062723c751e8b465ee728b)  -> (artifact id: '332fa49627f5e93055258f8174beed52') in 0.049841 seconds 
  Import took 0.137612 seconds .

========================================================================
Received Import Request.
  Time since last request: 0.000275 seconds.
  path: Assets/Imports/LeanTween/Examples/Material/Futoro_PersonSprites.jpg
  artifactKey: Guid(cea2c9bf87b0c4dfdafb697a3ff00959) Importer(815301076,1909f56bfc062723c751e8b465ee728b)
Start importing Assets/Imports/LeanTween/Examples/Material/Futoro_PersonSprites.jpg using Guid(cea2c9bf87b0c4dfdafb697a3ff00959) Importer(815301076,1909f56bfc062723c751e8b465ee728b)  -> (artifact id: '4c853af8271c42bc65d7842998c3cc8e') in 0.153812 seconds 
  Import took 0.187584 seconds .

========================================================================
Received Import Request.
  Time since last request: 0.000309 seconds.
  path: Assets/Imports/LeanTween/Examples/Material/Futuro_Bar.psd
  artifactKey: Guid(492b9988436bd45049a9a6bc52ac8fb0) Importer(815301076,1909f56bfc062723c751e8b465ee728b)
Start importing Assets/Imports/LeanTween/Examples/Material/Futuro_Bar.psd using Guid(492b9988436bd45049a9a6bc52ac8fb0) Importer(815301076,1909f56bfc062723c751e8b465ee728b)  -> (artifact id: '0d62a7689f0ea1c7b5417f5b5157c2fd') in 0.083947 seconds 
  Import took 0.114229 seconds .

========================================================================
Received Import Request.
  Time since last request: 0.000287 seconds.
  path: Assets/Imports/LeanTween/Examples/Textures/DefaultParticleReplacement.jpg
  artifactKey: Guid(eabba395643bb4e388d633c8d9a4f1e8) Importer(815301076,1909f56bfc062723c751e8b465ee728b)
Start importing Assets/Imports/LeanTween/Examples/Textures/DefaultParticleReplacement.jpg using Guid(eabba395643bb4e388d633c8d9a4f1e8) Importer(815301076,1909f56bfc062723c751e8b465ee728b)  -> (artifact id: '339ac7d992a3571b1c5ef8fb646588a0') in 0.084286 seconds 
  Import took 0.133778 seconds .

========================================================================
Received Import Request.
  Time since last request: 0.000310 seconds.
  path: Assets/Artwork/Atlases/UI/GUI-frame.png
  artifactKey: Guid(3b879374210e4ac488a27e1639c55e91) Importer(815301076,1909f56bfc062723c751e8b465ee728b)
Start importing Assets/Artwork/Atlases/UI/GUI-frame.png using Guid(3b879374210e4ac488a27e1639c55e91) Importer(815301076,1909f56bfc062723c751e8b465ee728b)  -> (artifact id: 'd2f609c1976daf09d19a88ce9c251162') in 0.077418 seconds 
  Import took 0.128345 seconds .

========================================================================
Received Import Request.
  Time since last request: 0.000285 seconds.
  path: Assets/Artwork/ParallaxLayers/clouds_mg_1_lightened.png
  artifactKey: Guid(b36e7b5ca5390b6498fc3fa8ed8cdab2) Importer(815301076,1909f56bfc062723c751e8b465ee728b)
Start importing Assets/Artwork/ParallaxLayers/clouds_mg_1_lightened.png using Guid(b36e7b5ca5390b6498fc3fa8ed8cdab2) Importer(815301076,1909f56bfc062723c751e8b465ee728b)  -> (artifact id: '96b63502cd234508a63bc6fde2616caf') in 0.081330 seconds 
  Import took 0.115474 seconds .

========================================================================
Received Import Request.
  Time since last request: 0.000284 seconds.
  path: Assets/Imports/LeanTween/Examples/Material/Futuro_ButtonBackDark.psd
  artifactKey: Guid(b8aaa707027cc4f79af3439c5dbc9652) Importer(815301076,1909f56bfc062723c751e8b465ee728b)
Start importing Assets/Imports/LeanTween/Examples/Material/Futuro_ButtonBackDark.psd using Guid(b8aaa707027cc4f79af3439c5dbc9652) Importer(815301076,1909f56bfc062723c751e8b465ee728b)  -> (artifact id: '7ea55aa4d1191a3c3a6e3cead88fa6d8') in 0.181640 seconds 
  Import took 0.188944 seconds .

========================================================================
Received Import Request.
  Time since last request: 0.000283 seconds.
  path: Assets/Artwork/Atlases/UI/bg.png
  artifactKey: Guid(4fd13f730127aa44ba7cac4b64c75189) Importer(815301076,1909f56bfc062723c751e8b465ee728b)
Start importing Assets/Artwork/Atlases/UI/bg.png using Guid(4fd13f730127aa44ba7cac4b64c75189) Importer(815301076,1909f56bfc062723c751e8b465ee728b)  -> (artifact id: '07b89992dfd3954ae81316186ca4712d') in 0.386766 seconds 
  Import took 0.416435 seconds .

========================================================================
Received Import Request.
  Time since last request: 0.000293 seconds.
  path: Assets/Artwork/Atlases/activators.png
  artifactKey: Guid(abcdf84870394d24e8fb3d28fb6edcba) Importer(815301076,1909f56bfc062723c751e8b465ee728b)
Start importing Assets/Artwork/Atlases/activators.png using Guid(abcdf84870394d24e8fb3d28fb6edcba) Importer(815301076,1909f56bfc062723c751e8b465ee728b)  -> (artifact id: 'a66e53559ca530abfde445a3663e18d7') in 0.177130 seconds 
  Import took 0.231719 seconds .

========================================================================
Received Import Request.
  Time since last request: 0.000276 seconds.
  path: Assets/Artwork/Atlases/UI/fgpng.png
  artifactKey: Guid(2c9190b3880521840ab569fbec81cbc3) Importer(815301076,1909f56bfc062723c751e8b465ee728b)
Start importing Assets/Artwork/Atlases/UI/fgpng.png using Guid(2c9190b3880521840ab569fbec81cbc3) Importer(815301076,1909f56bfc062723c751e8b465ee728b)  -> (artifact id: 'd1ab75797a5e798da35e568ef27d6abb') in 0.214324 seconds 
  Import took 0.314833 seconds .

========================================================================
Received Import Request.
  Time since last request: 0.000299 seconds.
  path: Assets/Artwork/ParallaxLayers/clouds_bg.png
  artifactKey: Guid(2081de787f8a89b4da0c58c02ec15781) Importer(815301076,1909f56bfc062723c751e8b465ee728b)
Start importing Assets/Artwork/ParallaxLayers/clouds_bg.png using Guid(2081de787f8a89b4da0c58c02ec15781) Importer(815301076,1909f56bfc062723c751e8b465ee728b)  -> (artifact id: '9c8b248ecf88fb07960bbfefabf32470') in 0.154245 seconds 
  Import took 0.192797 seconds .

========================================================================
Received Import Request.
  Time since last request: 0.000258 seconds.
  path: Assets/Imports/LeanTween/Examples/Textures/DustCloud.png
  artifactKey: Guid(c4c548a339b4d41a590928c0c98934a7) Importer(815301076,1909f56bfc062723c751e8b465ee728b)
Start importing Assets/Imports/LeanTween/Examples/Textures/DustCloud.png using Guid(c4c548a339b4d41a590928c0c98934a7) Importer(815301076,1909f56bfc062723c751e8b465ee728b)  -> (artifact id: '08fbc1fe301478542867c11af2d5b427') in 0.178770 seconds 
  Import took 0.240474 seconds .

========================================================================
Received Import Request.
  Time since last request: 0.000301 seconds.
  path: Assets/Imports/LeanTween/Examples/Material/Futuro_SineWave.psd
  artifactKey: Guid(d835741a3c4a14a0aa5f7536c46456c4) Importer(815301076,1909f56bfc062723c751e8b465ee728b)
Start importing Assets/Imports/LeanTween/Examples/Material/Futuro_SineWave.psd using Guid(d835741a3c4a14a0aa5f7536c46456c4) Importer(815301076,1909f56bfc062723c751e8b465ee728b)  -> (artifact id: 'f9f9aabcca5fbc6bc921e9c9229f9457') in 0.119763 seconds 
  Import took 0.178808 seconds .

========================================================================
Received Import Request.
  Time since last request: 0.000251 seconds.
  path: Assets/Artwork/Atlases/UI/GUI.png
  artifactKey: Guid(6cc9e25f49e4f0e4795b20a60f8b6a30) Importer(815301076,1909f56bfc062723c751e8b465ee728b)
Start importing Assets/Artwork/Atlases/UI/GUI.png using Guid(6cc9e25f49e4f0e4795b20a60f8b6a30) Importer(815301076,1909f56bfc062723c751e8b465ee728b)  -> (artifact id: '62e6f82735df6eee390d125e3f2ef94a') in 0.178509 seconds 
  Import took 0.232290 seconds .

========================================================================
Received Import Request.
  Time since last request: 0.886481 seconds.
  path: Assets/Artwork/Atlases/mHero_.png
  artifactKey: Guid(a2faa05d32eb82d4a9fda67b48accc98) Importer(815301076,1909f56bfc062723c751e8b465ee728b)
Start importing Assets/Artwork/Atlases/mHero_.png using Guid(a2faa05d32eb82d4a9fda67b48accc98) Importer(815301076,1909f56bfc062723c751e8b465ee728b)  -> (artifact id: 'f852e85f6d489e68d6c061463abb2699') in 0.301631 seconds 
  Import took 0.401612 seconds .

========================================================================
Received Import Request.
  Time since last request: 0.000300 seconds.
  path: Assets/Artwork/Atlases/Floor Tiles/plain_.png
  artifactKey: Guid(5130ca1cb9f964849866354c2919b784) Importer(815301076,1909f56bfc062723c751e8b465ee728b)
Start importing Assets/Artwork/Atlases/Floor Tiles/plain_.png using Guid(5130ca1cb9f964849866354c2919b784) Importer(815301076,1909f56bfc062723c751e8b465ee728b)  -> (artifact id: 'a86b6592c3f1a03b6306131d1662fcae') in 1.385279 seconds 
  Import took 1.486172 seconds .

========================================================================
Received Import Request.
  Time since last request: 0.000402 seconds.
  path: Assets/Artwork/Atlases/weapons_.png
  artifactKey: Guid(9de8607dd22d2cc49af1c9b7759fb15b) Importer(815301076,1909f56bfc062723c751e8b465ee728b)
Start importing Assets/Artwork/Atlases/weapons_.png using Guid(9de8607dd22d2cc49af1c9b7759fb15b) Importer(815301076,1909f56bfc062723c751e8b465ee728b)  -> (artifact id: '8284a752094efaf4de57a6fdd26acc83') in 0.101692 seconds 
  Import took 0.132943 seconds .

========================================================================
Received Import Request.
  Time since last request: 0.000259 seconds.
  path: Assets/Artwork/Atlases/UI/PixelSky.png
  artifactKey: Guid(5fe5461f7964cf24ebfd3f8d16c720e8) Importer(815301076,1909f56bfc062723c751e8b465ee728b)
Start importing Assets/Artwork/Atlases/UI/PixelSky.png using Guid(5fe5461f7964cf24ebfd3f8d16c720e8) Importer(815301076,1909f56bfc062723c751e8b465ee728b)  -> (artifact id: 'dee4d9377c03f77f0169a02b68e6a14f') in 0.276174 seconds 
  Import took 0.303901 seconds .

========================================================================
Received Import Request.
  Time since last request: 0.000279 seconds.
  path: Assets/Artwork/ParallaxLayers/sky.png
  artifactKey: Guid(49ee53973677ca247929d5d888e201db) Importer(815301076,1909f56bfc062723c751e8b465ee728b)
Start importing Assets/Artwork/ParallaxLayers/sky.png using Guid(49ee53973677ca247929d5d888e201db) Importer(815301076,1909f56bfc062723c751e8b465ee728b)  -> (artifact id: '44bd314babe14a9f1f39de62ef342f63') in 0.072255 seconds 
  Import took 0.099383 seconds .

========================================================================
Received Import Request.
  Time since last request: 0.000287 seconds.
  path: Assets/Artwork/Atlases/pathDecoration_.png
  artifactKey: Guid(6868e794c44876345b71f44c269157e3) Importer(815301076,1909f56bfc062723c751e8b465ee728b)
Start importing Assets/Artwork/Atlases/pathDecoration_.png using Guid(6868e794c44876345b71f44c269157e3) Importer(815301076,1909f56bfc062723c751e8b465ee728b)  -> (artifact id: '4104ea5864a1df0b7ce7694f08d451e9') in 0.115586 seconds 
  Import took 0.137086 seconds .

========================================================================
Received Import Request.
  Time since last request: 0.000302 seconds.
  path: Assets/Artwork/Atlases/villageDecoration_.png
  artifactKey: Guid(0c6f0f3f893c5244b95d44d4e870c117) Importer(815301076,1909f56bfc062723c751e8b465ee728b)
Start importing Assets/Artwork/Atlases/villageDecoration_.png using Guid(0c6f0f3f893c5244b95d44d4e870c117) Importer(815301076,1909f56bfc062723c751e8b465ee728b)  -> (artifact id: '504d588f9d83b223b6a203d4f863cf68') in 0.413298 seconds 
  Import took 0.521057 seconds .

========================================================================
Received Import Request.
  Time since last request: 0.000309 seconds.
  path: Assets/Artwork/Atlases/Floor Tiles/puddle_.png
  artifactKey: Guid(b3d76d6e67bb4294dbfd81b49922ef87) Importer(815301076,1909f56bfc062723c751e8b465ee728b)
Start importing Assets/Artwork/Atlases/Floor Tiles/puddle_.png using Guid(b3d76d6e67bb4294dbfd81b49922ef87) Importer(815301076,1909f56bfc062723c751e8b465ee728b)  -> (artifact id: '498f47bcf79cbf16d550051e8f964f16') in 0.101458 seconds 
  Import took 0.124942 seconds .

========================================================================
Received Import Request.
  Time since last request: 0.000300 seconds.
  path: Assets/Artwork/Atlases/UI/title.png
  artifactKey: Guid(269191ce2d6166e4a9b5804c6c9e5beb) Importer(815301076,1909f56bfc062723c751e8b465ee728b)
Start importing Assets/Artwork/Atlases/UI/title.png using Guid(269191ce2d6166e4a9b5804c6c9e5beb) Importer(815301076,1909f56bfc062723c751e8b465ee728b)  -> (artifact id: 'c7cc4865bbaf8824e6c4d1b75dc4268e') in 0.163116 seconds 
  Import took 0.187338 seconds .

========================================================================
Received Import Request.
  Time since last request: 0.000293 seconds.
  path: Assets/Artwork/Atlases/puddleDecoration_.png
  artifactKey: Guid(0f4cb0c1c9d56504d80bbfa6ab9ba58d) Importer(815301076,1909f56bfc062723c751e8b465ee728b)
Start importing Assets/Artwork/Atlases/puddleDecoration_.png using Guid(0f4cb0c1c9d56504d80bbfa6ab9ba58d) Importer(815301076,1909f56bfc062723c751e8b465ee728b)  -> (artifact id: '42d8d9a58fc69d01eb0ec11cbb6666d6') in 0.048487 seconds 
  Import took 0.084314 seconds .

========================================================================
Received Import Request.
  Time since last request: 0.000349 seconds.
  path: Assets/Artwork/Atlases/slabs_.png
  artifactKey: Guid(ccbac29559f5d7a428365e20c4da3f0d) Importer(815301076,1909f56bfc062723c751e8b465ee728b)
Start importing Assets/Artwork/Atlases/slabs_.png using Guid(ccbac29559f5d7a428365e20c4da3f0d) Importer(815301076,1909f56bfc062723c751e8b465ee728b)  -> (artifact id: '97ac350b573f5396abfcb5d53982e12f') in 0.066050 seconds 
  Import took 0.083238 seconds .

========================================================================
Received Import Request.
  Time since last request: 0.000306 seconds.
  path: Assets/Artwork/Atlases/plainDecoration_0.png
  artifactKey: Guid(b92c63212a6aa624e841c0900ce83005) Importer(815301076,1909f56bfc062723c751e8b465ee728b)
Start importing Assets/Artwork/Atlases/plainDecoration_0.png using Guid(b92c63212a6aa624e841c0900ce83005) Importer(815301076,1909f56bfc062723c751e8b465ee728b)  -> (artifact id: '148ea0037970dd7cdf5a29860363c4f3') in 0.342555 seconds 
  Import took 0.373049 seconds .

========================================================================
Received Import Request.
  Time since last request: 0.000309 seconds.
  path: Assets/Artwork/Atlases/Floor Tiles/path_.png
  artifactKey: Guid(f96f909f1f65a074da69454b6d15a213) Importer(815301076,1909f56bfc062723c751e8b465ee728b)
Start importing Assets/Artwork/Atlases/Floor Tiles/path_.png using Guid(f96f909f1f65a074da69454b6d15a213) Importer(815301076,1909f56bfc062723c751e8b465ee728b)  -> (artifact id: 'b50f09a45893f5ee0a906436f06bfcf9') in 0.212169 seconds 
  Import took 0.235886 seconds .

========================================================================
Received Import Request.
  Time since last request: 0.000298 seconds.
  path: Assets/Artwork/Atlases/village_ [red].png
  artifactKey: Guid(562034b4a2db88544999a2cd0e0af95c) Importer(815301076,1909f56bfc062723c751e8b465ee728b)
Start importing Assets/Artwork/Atlases/village_ [red].png using Guid(562034b4a2db88544999a2cd0e0af95c) Importer(815301076,1909f56bfc062723c751e8b465ee728b)  -> (artifact id: 'f37aec98e7e8ac7e4bdd4ce12114813d') in 1.474504 seconds 
  Import took 1.512711 seconds .

========================================================================
Received Import Request.
  Time since last request: 0.000297 seconds.
  path: Assets/Imports/LeanTween/Examples/Archived/SoBeautiful.gif
  artifactKey: Guid(78e9e608c3c9d47a3b312c2908d10f46) Importer(815301076,1909f56bfc062723c751e8b465ee728b)
Start importing Assets/Imports/LeanTween/Examples/Archived/SoBeautiful.gif using Guid(78e9e608c3c9d47a3b312c2908d10f46) Importer(815301076,1909f56bfc062723c751e8b465ee728b)  -> (artifact id: '32cf3e440db4ba607360119529ef0540') in 0.052202 seconds 
  Import took 0.107608 seconds .

========================================================================
Received Import Request.
  Time since last request: 0.000229 seconds.
  path: Assets/Artwork/Atlases/Floor Tiles/plainCliff_.png
  artifactKey: Guid(a356204bd11d1ce4cb1809a3a838620d) Importer(815301076,1909f56bfc062723c751e8b465ee728b)
Start importing Assets/Artwork/Atlases/Floor Tiles/plainCliff_.png using Guid(a356204bd11d1ce4cb1809a3a838620d) Importer(815301076,1909f56bfc062723c751e8b465ee728b)  -> (artifact id: '81836e1806855d3d9e9b60c947bea226') in 1.946709 seconds 
  Import took 1.996563 seconds .

========================================================================
Received Import Request.
  Time since last request: 0.000267 seconds.
  path: Assets/Artwork/Atlases/village_ [blue].png
  artifactKey: Guid(d7ab8cca65a2d0e4bb0e8bf33d1c7a51) Importer(815301076,1909f56bfc062723c751e8b465ee728b)
Start importing Assets/Artwork/Atlases/village_ [blue].png using Guid(d7ab8cca65a2d0e4bb0e8bf33d1c7a51) Importer(815301076,1909f56bfc062723c751e8b465ee728b)  -> (artifact id: '84352cb3f38598c364e3c6edff031bcf') in 1.268902 seconds 
  Import took 1.302931 seconds .

========================================================================
Received Import Request.
  Time since last request: 0.000284 seconds.
  path: Assets/Artwork/Atlases/pxArt.png
  artifactKey: Guid(c26873f69f98b9e4aaffdfe5ca679569) Importer(815301076,1909f56bfc062723c751e8b465ee728b)
Start importing Assets/Artwork/Atlases/pxArt.png using Guid(c26873f69f98b9e4aaffdfe5ca679569) Importer(815301076,1909f56bfc062723c751e8b465ee728b)  -> (artifact id: '28fce0b3c8b2d0670e9b3ff3e36cd9e3') in 0.144898 seconds 
  Import took 0.182653 seconds .

========================================================================
Received Import Request.
  Time since last request: 0.000292 seconds.
  path: Assets/Artwork/Atlases/village_ [green].png
  artifactKey: Guid(827e17819757e7141b47ecf5710642b6) Importer(815301076,1909f56bfc062723c751e8b465ee728b)
Start importing Assets/Artwork/Atlases/village_ [green].png using Guid(827e17819757e7141b47ecf5710642b6) Importer(815301076,1909f56bfc062723c751e8b465ee728b)  -> (artifact id: '9620139712a964adb0b5190a5cbb90c4') in 1.301233 seconds 
  Import took 1.319271 seconds .

========================================================================
Received Import Request.
  Time since last request: 0.000302 seconds.
  path: Assets/Artwork/Atlases/plainDecoration_1.png
  artifactKey: Guid(7c88c9cce99c5c644aef040b7f7434a5) Importer(815301076,1909f56bfc062723c751e8b465ee728b)
Start importing Assets/Artwork/Atlases/plainDecoration_1.png using Guid(7c88c9cce99c5c644aef040b7f7434a5) Importer(815301076,1909f56bfc062723c751e8b465ee728b)  -> (artifact id: '3c81a38d52d764cc41a8cdd8eed6ec64') in 0.420614 seconds 
  Import took 0.451632 seconds .

========================================================================
Received Import Request.
  Time since last request: 0.000255 seconds.
  path: Assets/Artwork/Atlases/portal_opening.png
  artifactKey: Guid(369fd694edec3d049a87c57fedcc229f) Importer(815301076,1909f56bfc062723c751e8b465ee728b)
Start importing Assets/Artwork/Atlases/portal_opening.png using Guid(369fd694edec3d049a87c57fedcc229f) Importer(815301076,1909f56bfc062723c751e8b465ee728b)  -> (artifact id: '393b64b757abe5bea3c873ea3cfc96be') in 0.089524 seconds 
  Import took 0.118622 seconds .

========================================================================
Received Import Request.
  Time since last request: 0.000309 seconds.
  path: Assets/Imports/LeanTween/Examples/Textures/PowerUpStar.png
  artifactKey: Guid(70141d51621e24facbca9196bbde84b4) Importer(815301076,1909f56bfc062723c751e8b465ee728b)
Start importing Assets/Imports/LeanTween/Examples/Textures/PowerUpStar.png using Guid(70141d51621e24facbca9196bbde84b4) Importer(815301076,1909f56bfc062723c751e8b465ee728b)  -> (artifact id: 'e5e2d6068c877ee694648ffc4ffeb0bd') in 0.093281 seconds 
  Import took 0.156878 seconds .

========================================================================
Received Import Request.
  Time since last request: 0.000297 seconds.
  path: Assets/Artwork/ParallaxLayers/sky_lightened.png
  artifactKey: Guid(2508f685613ae9f488058ec79980fba4) Importer(815301076,1909f56bfc062723c751e8b465ee728b)
Start importing Assets/Artwork/ParallaxLayers/sky_lightened.png using Guid(2508f685613ae9f488058ec79980fba4) Importer(815301076,1909f56bfc062723c751e8b465ee728b)  -> (artifact id: '395a3d24c55fe956f4c9e2644f592633') in 0.087282 seconds 
  Import took 0.109969 seconds .

========================================================================
Received Import Request.
  Time since last request: 0.000242 seconds.
  path: Assets/Artwork/Atlases/pxArt (1).png
  artifactKey: Guid(e96e4bb7774aeac4d806c592c8584d43) Importer(815301076,1909f56bfc062723c751e8b465ee728b)
Start importing Assets/Artwork/Atlases/pxArt (1).png using Guid(e96e4bb7774aeac4d806c592c8584d43) Importer(815301076,1909f56bfc062723c751e8b465ee728b)  -> (artifact id: '1dd97de7d56bca51310ec8881f902e16') in 0.195826 seconds 
  Import took 0.306858 seconds .

========================================================================
Received Import Request.
  Time since last request: 0.000398 seconds.
  path: Assets/Artwork/Atlases/plainDecoration_2.png
  artifactKey: Guid(3419ac9cc55dac5499e3e1d34344c1f8) Importer(815301076,1909f56bfc062723c751e8b465ee728b)
Start importing Assets/Artwork/Atlases/plainDecoration_2.png using Guid(3419ac9cc55dac5499e3e1d34344c1f8) Importer(815301076,1909f56bfc062723c751e8b465ee728b)  -> (artifact id: '88770baa9c223a47c0cbdb5bc8a28980') in 1.169583 seconds 
  Import took 1.196053 seconds .

========================================================================
Received Import Request.
  Time since last request: 6258.164687 seconds.
  path: Assets/Artwork/Atlases/pixel_art.jpg
  artifactKey: Guid(d0ede7276ac6b304b86d7205481a5753) Importer(815301076,1909f56bfc062723c751e8b465ee728b)
Start importing Assets/Artwork/Atlases/UI/pixel_art.jpg using Guid(d0ede7276ac6b304b86d7205481a5753) Importer(815301076,1909f56bfc062723c751e8b465ee728b)  -> (artifact id: '15efe67af2eb2136143c6848ae5c949e') in 2.697810 seconds 
  Import took 7.819697 seconds .

========================================================================
Received Import Request.
  Time since last request: 0.000300 seconds.
  path: Assets/Artwork/Atlases/UI/pixel_art.jpg
  artifactKey: Guid(d0ede7276ac6b304b86d7205481a5753) Importer(815301076,1909f56bfc062723c751e8b465ee728b)
Start importing Assets/Artwork/Atlases/UI/pixel_art.jpg using Guid(d0ede7276ac6b304b86d7205481a5753) Importer(815301076,1909f56bfc062723c751e8b465ee728b)  -> (artifact id: '15efe67af2eb2136143c6848ae5c949e') in 0.043449 seconds 
  Import took 0.106469 seconds .

========================================================================
Received Import Request.
  Time since last request: 5.358968 seconds.
  path: Assets/Artwork/Atlases/UI/pixel_art.jpg
  artifactKey: Guid(d0ede7276ac6b304b86d7205481a5753) Importer(815301076,1909f56bfc062723c751e8b465ee728b)
Start importing Assets/Artwork/Atlases/UI/pixel_art.jpg using Guid(d0ede7276ac6b304b86d7205481a5753) Importer(815301076,1909f56bfc062723c751e8b465ee728b)  -> (artifact id: '421aabcadca7cac8045a4ccc2f7bfb16') in 0.262114 seconds 
  Import took 0.365411 seconds .

========================================================================
Received Import Request.
  Time since last request: 21.264468 seconds.
  path: Assets/Artwork/Atlases/UI/pixel_sky.jpg
  artifactKey: Guid(d0ede7276ac6b304b86d7205481a5753) Importer(815301076,1909f56bfc062723c751e8b465ee728b)
Start importing Assets/Artwork/Atlases/UI/pixel_sky.jpg using Guid(d0ede7276ac6b304b86d7205481a5753) Importer(815301076,1909f56bfc062723c751e8b465ee728b)  -> (artifact id: '8c3ce3bd5e17f1b3c237f5f21d0ff352') in 0.165034 seconds 
  Import took 0.323169 seconds .

========================================================================
Received Import Request.
  Time since last request: 427.899043 seconds.
  path: Assets/UI UX/Font/FatPix-SVG SDF.asset
  artifactKey: Guid(0a1dbe73db7af5849aa24aea854bbe0b) Importer(815301076,1909f56bfc062723c751e8b465ee728b)
Start importing Assets/UI UX/Font/FatPix-SVG SDF.asset using Guid(0a1dbe73db7af5849aa24aea854bbe0b) Importer(815301076,1909f56bfc062723c751e8b465ee728b)  -> (artifact id: 'b54b093dd1fdf5a603256e6c3955f9cf') in 5.610846 seconds 
  Import took 5.778749 seconds .

========================================================================
Received Import Request.
  Time since last request: 218.416041 seconds.
  path: Assets/Scenes/EndGame.unity
  artifactKey: Guid(411aa7f4a989ffd4aa5f68ecf4b2d7cd) Importer(815301076,1909f56bfc062723c751e8b465ee728b)
Start importing Assets/Scenes/EndGame.unity using Guid(411aa7f4a989ffd4aa5f68ecf4b2d7cd) Importer(815301076,1909f56bfc062723c751e8b465ee728b)  -> (artifact id: '3ef4825718dc5c3d59d4defe8a8e7f67') in 0.118161 seconds 
  Import took 0.348519 seconds .

========================================================================
Received Import Request.
  Time since last request: 20.944748 seconds.
  path: Assets/Scenes/Level3.unity
  artifactKey: Guid(d4f0b41f8f85fa7428825d85bbe09853) Importer(815301076,1909f56bfc062723c751e8b465ee728b)
Start importing Assets/Scenes/Level3.unity using Guid(d4f0b41f8f85fa7428825d85bbe09853) Importer(815301076,1909f56bfc062723c751e8b465ee728b)  -> (artifact id: 'bc36cbb3e4e65a3e735fca9045419c73') in 0.091448 seconds 
  Import took 0.187622 seconds .

========================================================================
Received Import Request.
  Time since last request: 10.515444 seconds.
  path: Assets/Scenes/MainMenu.unity
  artifactKey: Guid(1653bd087907a6847a04d7c7922dd089) Importer(815301076,1909f56bfc062723c751e8b465ee728b)
Start importing Assets/Scenes/MainMenu.unity using Guid(1653bd087907a6847a04d7c7922dd089) Importer(815301076,1909f56bfc062723c751e8b465ee728b)  -> (artifact id: '92a38a050a28057dbf1c2ae04aa09589') in 0.082634 seconds 
  Import took 0.174241 seconds .

========================================================================
Received Prepare
Refreshing native plugins compatible for Editor in 1101.27 ms, found 4 plugins.
Preloading 0 native plugins for Editor in 0.00 ms.
Unloading 22 Unused Serialized files (Serialized files now loaded: 0)
System memory in use before: 120.8 MB.
System memory in use after: 121.3 MB.

Unloading 22 unused Assets to reduce memory usage. Loaded Objects now: 6147.
Total: 4156.591300 ms (FindLiveObjects: 0.700500 ms CreateObjectMapping: 0.455500 ms MarkObjects: 4155.381300 ms  DeleteObjects: 0.051700 ms)

AssetImportParameters requested are different than current active one (requested -> active):
  custom:framework-win-MediaFoundation: 216162199b28c13a410421893ffa2e32 -> 
  custom:video-decoder-ogg-theora: a1e56fd34408186e4bbccfd4996cb3dc -> 
  custom:container-muxer-webm: aa71ff27fc2769a1b78a27578f13a17b -> 
  custom:container-demuxer-webm: 4f35f7cbe854078d1ac9338744f61a02 -> 
  custom:container-demuxer-ogg: 62fdf1f143b41e24485cea50d1cbac27 -> 
  custom:video-encoder-webm-vp8: eb34c28f22e8b96e1ab97ce403110664 -> 
  custom:video-decoder-webm-vp8: 9c59270c3fd7afecdb556c50c9e8de78 -> 
  custom:audio-decoder-ogg-vorbis: bf7c407c2cedff20999df2af8eb42d56 -> 
  custom:audio-encoder-webm-vorbis: bf7c407c2cedff20999df2af8eb42d56 -> 
